{"op_code": 0, "worker_id": "f3a8c0e5-9143-4525-bba6-6c0935b10547-137394193367040", "study_name": "study", "directions": [2]}
{"op_code": 4, "worker_id": "f3a8c0e5-9143-4525-bba6-6c0935b10547-137394193367040", "study_id": 0, "datetime_start": null, "state": 4, "value": null, "values": null, "distributions": {}, "params": {}, "user_attrs": {}, "system_attrs": {"fixed_params": {"GRU_layers": 2, "GRU_dropout": 0.4}}, "intermediate_values": {}}
{"op_code": 6, "worker_id": "f3a8c0e5-9143-4525-bba6-6c0935b10547-137394193367040", "trial_id": 0, "state": 0, "values": null, "datetime_start": "2023-11-20T13:04:48.582406"}
{"op_code": 5, "worker_id": "f3a8c0e5-9143-4525-bba6-6c0935b10547-137394193367040", "trial_id": 0, "param_name": "embedding_dim", "param_value_internal": 290.0, "distribution": "{\"name\": \"IntDistribution\", \"attributes\": {\"log\": false, \"step\": 1, \"low\": 200, \"high\": 700}}"}
{"op_code": 5, "worker_id": "f3a8c0e5-9143-4525-bba6-6c0935b10547-137394193367040", "trial_id": 0, "param_name": "GRU_dim", "param_value_internal": 309.0, "distribution": "{\"name\": \"IntDistribution\", \"attributes\": {\"log\": false, \"step\": 1, \"low\": 300, \"high\": 800}}"}
{"op_code": 5, "worker_id": "f3a8c0e5-9143-4525-bba6-6c0935b10547-137394193367040", "trial_id": 0, "param_name": "GRU_layers", "param_value_internal": 2.0, "distribution": "{\"name\": \"IntDistribution\", \"attributes\": {\"log\": false, \"step\": 1, \"low\": 2, \"high\": 5}}"}
{"op_code": 5, "worker_id": "f3a8c0e5-9143-4525-bba6-6c0935b10547-137394193367040", "trial_id": 0, "param_name": "GRU_dropout", "param_value_internal": 0.4, "distribution": "{\"name\": \"FloatDistribution\", \"attributes\": {\"step\": null, \"low\": 0.0, \"high\": 0.6, \"log\": false}}"}
{"op_code": 5, "worker_id": "f3a8c0e5-9143-4525-bba6-6c0935b10547-137394193367040", "trial_id": 0, "param_name": "learning_rate", "param_value_internal": 8.44183876328391e-05, "distribution": "{\"name\": \"FloatDistribution\", \"attributes\": {\"step\": null, \"low\": 1e-05, \"high\": 0.001, \"log\": true}}"}
{"op_code": 5, "worker_id": "f3a8c0e5-9143-4525-bba6-6c0935b10547-137394193367040", "trial_id": 0, "param_name": "batch_size", "param_value_internal": 0, "distribution": "{\"name\": \"CategoricalDistribution\", \"attributes\": {\"choices\": [64, 80, 96, 112, 128]}}"}
{"op_code": 6, "worker_id": "f3a8c0e5-9143-4525-bba6-6c0935b10547-137394193367040", "trial_id": 0, "state": 1, "values": [66.66666666666667], "datetime_complete": "2023-11-20T13:06:19.412716"}
{"op_code": 4, "worker_id": "f3a8c0e5-9143-4525-bba6-6c0935b10547-137394193367040", "study_id": 0, "datetime_start": "2023-11-20T13:06:19.609678"}
{"op_code": 5, "worker_id": "f3a8c0e5-9143-4525-bba6-6c0935b10547-137394193367040", "trial_id": 1, "param_name": "embedding_dim", "param_value_internal": 671.0, "distribution": "{\"name\": \"IntDistribution\", \"attributes\": {\"log\": false, \"step\": 1, \"low\": 200, \"high\": 700}}"}
{"op_code": 5, "worker_id": "f3a8c0e5-9143-4525-bba6-6c0935b10547-137394193367040", "trial_id": 1, "param_name": "GRU_dim", "param_value_internal": 726.0, "distribution": "{\"name\": \"IntDistribution\", \"attributes\": {\"log\": false, \"step\": 1, \"low\": 300, \"high\": 800}}"}
{"op_code": 5, "worker_id": "f3a8c0e5-9143-4525-bba6-6c0935b10547-137394193367040", "trial_id": 1, "param_name": "GRU_layers", "param_value_internal": 4.0, "distribution": "{\"name\": \"IntDistribution\", \"attributes\": {\"log\": false, \"step\": 1, \"low\": 2, \"high\": 5}}"}
{"op_code": 5, "worker_id": "f3a8c0e5-9143-4525-bba6-6c0935b10547-137394193367040", "trial_id": 1, "param_name": "GRU_dropout", "param_value_internal": 0.06524164312138496, "distribution": "{\"name\": \"FloatDistribution\", \"attributes\": {\"step\": null, \"low\": 0.0, \"high\": 0.6, \"log\": false}}"}
{"op_code": 5, "worker_id": "f3a8c0e5-9143-4525-bba6-6c0935b10547-137394193367040", "trial_id": 1, "param_name": "learning_rate", "param_value_internal": 0.0006134912042953667, "distribution": "{\"name\": \"FloatDistribution\", \"attributes\": {\"step\": null, \"low\": 1e-05, \"high\": 0.001, \"log\": true}}"}
{"op_code": 5, "worker_id": "f3a8c0e5-9143-4525-bba6-6c0935b10547-137394193367040", "trial_id": 1, "param_name": "batch_size", "param_value_internal": 0, "distribution": "{\"name\": \"CategoricalDistribution\", \"attributes\": {\"choices\": [64, 80, 96, 112, 128]}}"}
{"op_code": 6, "worker_id": "f3a8c0e5-9143-4525-bba6-6c0935b10547-137394193367040", "trial_id": 1, "state": 1, "values": [69.25036390101893], "datetime_complete": "2023-11-20T13:11:32.200972"}
{"op_code": 4, "worker_id": "f3a8c0e5-9143-4525-bba6-6c0935b10547-137394193367040", "study_id": 0, "datetime_start": "2023-11-20T13:11:32.395545"}
{"op_code": 5, "worker_id": "f3a8c0e5-9143-4525-bba6-6c0935b10547-137394193367040", "trial_id": 2, "param_name": "embedding_dim", "param_value_internal": 358.0, "distribution": "{\"name\": \"IntDistribution\", \"attributes\": {\"log\": false, \"step\": 1, \"low\": 200, \"high\": 700}}"}
{"op_code": 5, "worker_id": "f3a8c0e5-9143-4525-bba6-6c0935b10547-137394193367040", "trial_id": 2, "param_name": "GRU_dim", "param_value_internal": 379.0, "distribution": "{\"name\": \"IntDistribution\", \"attributes\": {\"log\": false, \"step\": 1, \"low\": 300, \"high\": 800}}"}
{"op_code": 5, "worker_id": "f3a8c0e5-9143-4525-bba6-6c0935b10547-137394193367040", "trial_id": 2, "param_name": "GRU_layers", "param_value_internal": 5.0, "distribution": "{\"name\": \"IntDistribution\", \"attributes\": {\"log\": false, \"step\": 1, \"low\": 2, \"high\": 5}}"}
{"op_code": 5, "worker_id": "f3a8c0e5-9143-4525-bba6-6c0935b10547-137394193367040", "trial_id": 2, "param_name": "GRU_dropout", "param_value_internal": 0.4909652147184861, "distribution": "{\"name\": \"FloatDistribution\", \"attributes\": {\"step\": null, \"low\": 0.0, \"high\": 0.6, \"log\": false}}"}
{"op_code": 5, "worker_id": "f3a8c0e5-9143-4525-bba6-6c0935b10547-137394193367040", "trial_id": 2, "param_name": "learning_rate", "param_value_internal": 4.88932585063361e-05, "distribution": "{\"name\": \"FloatDistribution\", \"attributes\": {\"step\": null, \"low\": 1e-05, \"high\": 0.001, \"log\": true}}"}
{"op_code": 5, "worker_id": "f3a8c0e5-9143-4525-bba6-6c0935b10547-137394193367040", "trial_id": 2, "param_name": "batch_size", "param_value_internal": 3, "distribution": "{\"name\": \"CategoricalDistribution\", \"attributes\": {\"choices\": [64, 80, 96, 112, 128]}}"}
{"op_code": 6, "worker_id": "f3a8c0e5-9143-4525-bba6-6c0935b10547-137394193367040", "trial_id": 2, "state": 1, "values": [66.52110625909752], "datetime_complete": "2023-11-20T13:13:43.401240"}
{"op_code": 4, "worker_id": "f3a8c0e5-9143-4525-bba6-6c0935b10547-137394193367040", "study_id": 0, "datetime_start": "2023-11-20T13:13:43.605989"}
{"op_code": 5, "worker_id": "f3a8c0e5-9143-4525-bba6-6c0935b10547-137394193367040", "trial_id": 3, "param_name": "embedding_dim", "param_value_internal": 227.0, "distribution": "{\"name\": \"IntDistribution\", \"attributes\": {\"log\": false, \"step\": 1, \"low\": 200, \"high\": 700}}"}
{"op_code": 5, "worker_id": "f3a8c0e5-9143-4525-bba6-6c0935b10547-137394193367040", "trial_id": 3, "param_name": "GRU_dim", "param_value_internal": 540.0, "distribution": "{\"name\": \"IntDistribution\", \"attributes\": {\"log\": false, \"step\": 1, \"low\": 300, \"high\": 800}}"}
{"op_code": 5, "worker_id": "f3a8c0e5-9143-4525-bba6-6c0935b10547-137394193367040", "trial_id": 3, "param_name": "GRU_layers", "param_value_internal": 3.0, "distribution": "{\"name\": \"IntDistribution\", \"attributes\": {\"log\": false, \"step\": 1, \"low\": 2, \"high\": 5}}"}
{"op_code": 5, "worker_id": "f3a8c0e5-9143-4525-bba6-6c0935b10547-137394193367040", "trial_id": 3, "param_name": "GRU_dropout", "param_value_internal": 0.5087873985281847, "distribution": "{\"name\": \"FloatDistribution\", \"attributes\": {\"step\": null, \"low\": 0.0, \"high\": 0.6, \"log\": false}}"}
{"op_code": 5, "worker_id": "f3a8c0e5-9143-4525-bba6-6c0935b10547-137394193367040", "trial_id": 3, "param_name": "learning_rate", "param_value_internal": 0.0002727083016255425, "distribution": "{\"name\": \"FloatDistribution\", \"attributes\": {\"step\": null, \"low\": 1e-05, \"high\": 0.001, \"log\": true}}"}
{"op_code": 5, "worker_id": "f3a8c0e5-9143-4525-bba6-6c0935b10547-137394193367040", "trial_id": 3, "param_name": "batch_size", "param_value_internal": 3, "distribution": "{\"name\": \"CategoricalDistribution\", \"attributes\": {\"choices\": [64, 80, 96, 112, 128]}}"}
{"op_code": 6, "worker_id": "f3a8c0e5-9143-4525-bba6-6c0935b10547-137394193367040", "trial_id": 3, "state": 1, "values": [66.88500727802038], "datetime_complete": "2023-11-20T13:15:56.497716"}
{"op_code": 4, "worker_id": "f3a8c0e5-9143-4525-bba6-6c0935b10547-137394193367040", "study_id": 0, "datetime_start": "2023-11-20T13:15:56.690342"}
{"op_code": 5, "worker_id": "f3a8c0e5-9143-4525-bba6-6c0935b10547-137394193367040", "trial_id": 4, "param_name": "embedding_dim", "param_value_internal": 320.0, "distribution": "{\"name\": \"IntDistribution\", \"attributes\": {\"log\": false, \"step\": 1, \"low\": 200, \"high\": 700}}"}
{"op_code": 5, "worker_id": "f3a8c0e5-9143-4525-bba6-6c0935b10547-137394193367040", "trial_id": 4, "param_name": "GRU_dim", "param_value_internal": 699.0, "distribution": "{\"name\": \"IntDistribution\", \"attributes\": {\"log\": false, \"step\": 1, \"low\": 300, \"high\": 800}}"}
{"op_code": 5, "worker_id": "f3a8c0e5-9143-4525-bba6-6c0935b10547-137394193367040", "trial_id": 4, "param_name": "GRU_layers", "param_value_internal": 2.0, "distribution": "{\"name\": \"IntDistribution\", \"attributes\": {\"log\": false, \"step\": 1, \"low\": 2, \"high\": 5}}"}
{"op_code": 5, "worker_id": "f3a8c0e5-9143-4525-bba6-6c0935b10547-137394193367040", "trial_id": 4, "param_name": "GRU_dropout", "param_value_internal": 0.21876938579762464, "distribution": "{\"name\": \"FloatDistribution\", \"attributes\": {\"step\": null, \"low\": 0.0, \"high\": 0.6, \"log\": false}}"}
{"op_code": 5, "worker_id": "f3a8c0e5-9143-4525-bba6-6c0935b10547-137394193367040", "trial_id": 4, "param_name": "learning_rate", "param_value_internal": 1.3805292263193772e-05, "distribution": "{\"name\": \"FloatDistribution\", \"attributes\": {\"step\": null, \"low\": 1e-05, \"high\": 0.001, \"log\": true}}"}
{"op_code": 5, "worker_id": "f3a8c0e5-9143-4525-bba6-6c0935b10547-137394193367040", "trial_id": 4, "param_name": "batch_size", "param_value_internal": 4, "distribution": "{\"name\": \"CategoricalDistribution\", \"attributes\": {\"choices\": [64, 80, 96, 112, 128]}}"}
{"op_code": 6, "worker_id": "f3a8c0e5-9143-4525-bba6-6c0935b10547-137394193367040", "trial_id": 4, "state": 1, "values": [63.46433770014556], "datetime_complete": "2023-11-20T13:18:14.116094"}
{"op_code": 4, "worker_id": "99a8ffe0-d84a-4e2f-ad51-b856d9668446-137394193367040", "study_id": 0, "datetime_start": "2023-11-20T13:25:34.643149"}
{"op_code": 5, "worker_id": "99a8ffe0-d84a-4e2f-ad51-b856d9668446-137394193367040", "trial_id": 5, "param_name": "embedding_dim", "param_value_internal": 294.0, "distribution": "{\"name\": \"IntDistribution\", \"attributes\": {\"log\": false, \"step\": 1, \"low\": 200, \"high\": 700}}"}
{"op_code": 5, "worker_id": "99a8ffe0-d84a-4e2f-ad51-b856d9668446-137394193367040", "trial_id": 5, "param_name": "GRU_dim", "param_value_internal": 380.0, "distribution": "{\"name\": \"IntDistribution\", \"attributes\": {\"log\": false, \"step\": 1, \"low\": 300, \"high\": 800}}"}
{"op_code": 5, "worker_id": "99a8ffe0-d84a-4e2f-ad51-b856d9668446-137394193367040", "trial_id": 5, "param_name": "GRU_layers", "param_value_internal": 2.0, "distribution": "{\"name\": \"IntDistribution\", \"attributes\": {\"log\": false, \"step\": 1, \"low\": 2, \"high\": 5}}"}
{"op_code": 5, "worker_id": "99a8ffe0-d84a-4e2f-ad51-b856d9668446-137394193367040", "trial_id": 5, "param_name": "GRU_dropout", "param_value_internal": 0.4044963105164571, "distribution": "{\"name\": \"FloatDistribution\", \"attributes\": {\"step\": null, \"low\": 0.0, \"high\": 0.6, \"log\": false}}"}
{"op_code": 5, "worker_id": "99a8ffe0-d84a-4e2f-ad51-b856d9668446-137394193367040", "trial_id": 5, "param_name": "learning_rate", "param_value_internal": 0.000507416356383327, "distribution": "{\"name\": \"FloatDistribution\", \"attributes\": {\"step\": null, \"low\": 1e-05, \"high\": 0.001, \"log\": true}}"}
{"op_code": 5, "worker_id": "99a8ffe0-d84a-4e2f-ad51-b856d9668446-137394193367040", "trial_id": 5, "param_name": "batch_size", "param_value_internal": 1, "distribution": "{\"name\": \"CategoricalDistribution\", \"attributes\": {\"choices\": [64, 80, 96, 112, 128]}}"}
{"op_code": 6, "worker_id": "99a8ffe0-d84a-4e2f-ad51-b856d9668446-137394193367040", "trial_id": 5, "state": 1, "values": [66.0844250363901], "datetime_complete": "2023-11-20T13:26:52.344972"}
{"op_code": 4, "worker_id": "99a8ffe0-d84a-4e2f-ad51-b856d9668446-137394193367040", "study_id": 0, "datetime_start": "2023-11-20T13:26:52.567353"}
{"op_code": 5, "worker_id": "99a8ffe0-d84a-4e2f-ad51-b856d9668446-137394193367040", "trial_id": 6, "param_name": "embedding_dim", "param_value_internal": 600.0, "distribution": "{\"name\": \"IntDistribution\", \"attributes\": {\"log\": false, \"step\": 1, \"low\": 200, \"high\": 700}}"}
{"op_code": 5, "worker_id": "99a8ffe0-d84a-4e2f-ad51-b856d9668446-137394193367040", "trial_id": 6, "param_name": "GRU_dim", "param_value_internal": 791.0, "distribution": "{\"name\": \"IntDistribution\", \"attributes\": {\"log\": false, \"step\": 1, \"low\": 300, \"high\": 800}}"}
{"op_code": 5, "worker_id": "99a8ffe0-d84a-4e2f-ad51-b856d9668446-137394193367040", "trial_id": 6, "param_name": "GRU_layers", "param_value_internal": 5.0, "distribution": "{\"name\": \"IntDistribution\", \"attributes\": {\"log\": false, \"step\": 1, \"low\": 2, \"high\": 5}}"}
{"op_code": 5, "worker_id": "99a8ffe0-d84a-4e2f-ad51-b856d9668446-137394193367040", "trial_id": 6, "param_name": "GRU_dropout", "param_value_internal": 0.3563485180223009, "distribution": "{\"name\": \"FloatDistribution\", \"attributes\": {\"step\": null, \"low\": 0.0, \"high\": 0.6, \"log\": false}}"}
{"op_code": 5, "worker_id": "99a8ffe0-d84a-4e2f-ad51-b856d9668446-137394193367040", "trial_id": 6, "param_name": "learning_rate", "param_value_internal": 7.227773509839886e-05, "distribution": "{\"name\": \"FloatDistribution\", \"attributes\": {\"step\": null, \"low\": 1e-05, \"high\": 0.001, \"log\": true}}"}
{"op_code": 5, "worker_id": "99a8ffe0-d84a-4e2f-ad51-b856d9668446-137394193367040", "trial_id": 6, "param_name": "batch_size", "param_value_internal": 2, "distribution": "{\"name\": \"CategoricalDistribution\", \"attributes\": {\"choices\": [64, 80, 96, 112, 128]}}"}
{"op_code": 6, "worker_id": "99a8ffe0-d84a-4e2f-ad51-b856d9668446-137394193367040", "trial_id": 6, "state": 1, "values": [65.72052401746726], "datetime_complete": "2023-11-20T13:34:19.716294"}
{"op_code": 4, "worker_id": "99a8ffe0-d84a-4e2f-ad51-b856d9668446-137394193367040", "study_id": 0, "datetime_start": "2023-11-20T13:34:19.936841"}
{"op_code": 5, "worker_id": "99a8ffe0-d84a-4e2f-ad51-b856d9668446-137394193367040", "trial_id": 7, "param_name": "embedding_dim", "param_value_internal": 612.0, "distribution": "{\"name\": \"IntDistribution\", \"attributes\": {\"log\": false, \"step\": 1, \"low\": 200, \"high\": 700}}"}
{"op_code": 5, "worker_id": "99a8ffe0-d84a-4e2f-ad51-b856d9668446-137394193367040", "trial_id": 7, "param_name": "GRU_dim", "param_value_internal": 322.0, "distribution": "{\"name\": \"IntDistribution\", \"attributes\": {\"log\": false, \"step\": 1, \"low\": 300, \"high\": 800}}"}
{"op_code": 5, "worker_id": "99a8ffe0-d84a-4e2f-ad51-b856d9668446-137394193367040", "trial_id": 7, "param_name": "GRU_layers", "param_value_internal": 2.0, "distribution": "{\"name\": \"IntDistribution\", \"attributes\": {\"log\": false, \"step\": 1, \"low\": 2, \"high\": 5}}"}
{"op_code": 5, "worker_id": "99a8ffe0-d84a-4e2f-ad51-b856d9668446-137394193367040", "trial_id": 7, "param_name": "GRU_dropout", "param_value_internal": 0.5170159332320851, "distribution": "{\"name\": \"FloatDistribution\", \"attributes\": {\"step\": null, \"low\": 0.0, \"high\": 0.6, \"log\": false}}"}
{"op_code": 5, "worker_id": "99a8ffe0-d84a-4e2f-ad51-b856d9668446-137394193367040", "trial_id": 7, "param_name": "learning_rate", "param_value_internal": 0.00018128189148628417, "distribution": "{\"name\": \"FloatDistribution\", \"attributes\": {\"step\": null, \"low\": 1e-05, \"high\": 0.001, \"log\": true}}"}
{"op_code": 5, "worker_id": "99a8ffe0-d84a-4e2f-ad51-b856d9668446-137394193367040", "trial_id": 7, "param_name": "batch_size", "param_value_internal": 3, "distribution": "{\"name\": \"CategoricalDistribution\", \"attributes\": {\"choices\": [64, 80, 96, 112, 128]}}"}
{"op_code": 6, "worker_id": "99a8ffe0-d84a-4e2f-ad51-b856d9668446-137394193367040", "trial_id": 7, "state": 1, "values": [66.41193595342067], "datetime_complete": "2023-11-20T13:35:37.502459"}
{"op_code": 4, "worker_id": "99a8ffe0-d84a-4e2f-ad51-b856d9668446-137394193367040", "study_id": 0, "datetime_start": "2023-11-20T13:35:37.717944"}
{"op_code": 5, "worker_id": "99a8ffe0-d84a-4e2f-ad51-b856d9668446-137394193367040", "trial_id": 8, "param_name": "embedding_dim", "param_value_internal": 334.0, "distribution": "{\"name\": \"IntDistribution\", \"attributes\": {\"log\": false, \"step\": 1, \"low\": 200, \"high\": 700}}"}
{"op_code": 5, "worker_id": "99a8ffe0-d84a-4e2f-ad51-b856d9668446-137394193367040", "trial_id": 8, "param_name": "GRU_dim", "param_value_internal": 702.0, "distribution": "{\"name\": \"IntDistribution\", \"attributes\": {\"log\": false, \"step\": 1, \"low\": 300, \"high\": 800}}"}
{"op_code": 5, "worker_id": "99a8ffe0-d84a-4e2f-ad51-b856d9668446-137394193367040", "trial_id": 8, "param_name": "GRU_layers", "param_value_internal": 5.0, "distribution": "{\"name\": \"IntDistribution\", \"attributes\": {\"log\": false, \"step\": 1, \"low\": 2, \"high\": 5}}"}
{"op_code": 5, "worker_id": "99a8ffe0-d84a-4e2f-ad51-b856d9668446-137394193367040", "trial_id": 8, "param_name": "GRU_dropout", "param_value_internal": 0.5703822949062379, "distribution": "{\"name\": \"FloatDistribution\", \"attributes\": {\"step\": null, \"low\": 0.0, \"high\": 0.6, \"log\": false}}"}
{"op_code": 5, "worker_id": "99a8ffe0-d84a-4e2f-ad51-b856d9668446-137394193367040", "trial_id": 8, "param_name": "learning_rate", "param_value_internal": 1.2960254641361892e-05, "distribution": "{\"name\": \"FloatDistribution\", \"attributes\": {\"step\": null, \"low\": 1e-05, \"high\": 0.001, \"log\": true}}"}
{"op_code": 5, "worker_id": "99a8ffe0-d84a-4e2f-ad51-b856d9668446-137394193367040", "trial_id": 8, "param_name": "batch_size", "param_value_internal": 4, "distribution": "{\"name\": \"CategoricalDistribution\", \"attributes\": {\"choices\": [64, 80, 96, 112, 128]}}"}
{"op_code": 6, "worker_id": "99a8ffe0-d84a-4e2f-ad51-b856d9668446-137394193367040", "trial_id": 8, "state": 1, "values": [63.75545851528384], "datetime_complete": "2023-11-20T13:40:49.300752"}
{"op_code": 4, "worker_id": "99a8ffe0-d84a-4e2f-ad51-b856d9668446-137394193367040", "study_id": 0, "datetime_start": "2023-11-20T13:40:49.774241"}
{"op_code": 5, "worker_id": "99a8ffe0-d84a-4e2f-ad51-b856d9668446-137394193367040", "trial_id": 9, "param_name": "embedding_dim", "param_value_internal": 316.0, "distribution": "{\"name\": \"IntDistribution\", \"attributes\": {\"log\": false, \"step\": 1, \"low\": 200, \"high\": 700}}"}
{"op_code": 5, "worker_id": "99a8ffe0-d84a-4e2f-ad51-b856d9668446-137394193367040", "trial_id": 9, "param_name": "GRU_dim", "param_value_internal": 628.0, "distribution": "{\"name\": \"IntDistribution\", \"attributes\": {\"log\": false, \"step\": 1, \"low\": 300, \"high\": 800}}"}
{"op_code": 5, "worker_id": "99a8ffe0-d84a-4e2f-ad51-b856d9668446-137394193367040", "trial_id": 9, "param_name": "GRU_layers", "param_value_internal": 2.0, "distribution": "{\"name\": \"IntDistribution\", \"attributes\": {\"log\": false, \"step\": 1, \"low\": 2, \"high\": 5}}"}
{"op_code": 5, "worker_id": "99a8ffe0-d84a-4e2f-ad51-b856d9668446-137394193367040", "trial_id": 9, "param_name": "GRU_dropout", "param_value_internal": 0.28535522974484123, "distribution": "{\"name\": \"FloatDistribution\", \"attributes\": {\"step\": null, \"low\": 0.0, \"high\": 0.6, \"log\": false}}"}
{"op_code": 5, "worker_id": "99a8ffe0-d84a-4e2f-ad51-b856d9668446-137394193367040", "trial_id": 9, "param_name": "learning_rate", "param_value_internal": 0.00021763370215625952, "distribution": "{\"name\": \"FloatDistribution\", \"attributes\": {\"step\": null, \"low\": 1e-05, \"high\": 0.001, \"log\": true}}"}
{"op_code": 5, "worker_id": "99a8ffe0-d84a-4e2f-ad51-b856d9668446-137394193367040", "trial_id": 9, "param_name": "batch_size", "param_value_internal": 0, "distribution": "{\"name\": \"CategoricalDistribution\", \"attributes\": {\"choices\": [64, 80, 96, 112, 128]}}"}
{"op_code": 6, "worker_id": "99a8ffe0-d84a-4e2f-ad51-b856d9668446-137394193367040", "trial_id": 9, "state": 1, "values": [65.17467248908297], "datetime_complete": "2023-11-20T13:42:55.228211"}
{"op_code": 4, "worker_id": "2a3462ec-323f-4f20-b938-dc11cbb42aa8-137394193367040", "study_id": 0, "datetime_start": null, "state": 4, "value": null, "values": null, "distributions": {}, "params": {}, "user_attrs": {}, "system_attrs": {"fixed_params": {"GRU_dim": 500, "embedding_dim": 600, "GRU_layers": 2, "GRU_dropout": 0.4}}, "intermediate_values": {}}
{"op_code": 6, "worker_id": "2a3462ec-323f-4f20-b938-dc11cbb42aa8-137394193367040", "trial_id": 10, "state": 0, "values": null, "datetime_start": "2023-11-20T14:05:42.149163"}
{"op_code": 5, "worker_id": "2a3462ec-323f-4f20-b938-dc11cbb42aa8-137394193367040", "trial_id": 10, "param_name": "embedding_dim", "param_value_internal": 600.0, "distribution": "{\"name\": \"IntDistribution\", \"attributes\": {\"log\": false, \"step\": 1, \"low\": 200, \"high\": 700}}"}
{"op_code": 5, "worker_id": "2a3462ec-323f-4f20-b938-dc11cbb42aa8-137394193367040", "trial_id": 10, "param_name": "GRU_dim", "param_value_internal": 500.0, "distribution": "{\"name\": \"IntDistribution\", \"attributes\": {\"log\": false, \"step\": 1, \"low\": 300, \"high\": 800}}"}
{"op_code": 5, "worker_id": "2a3462ec-323f-4f20-b938-dc11cbb42aa8-137394193367040", "trial_id": 10, "param_name": "GRU_layers", "param_value_internal": 2.0, "distribution": "{\"name\": \"IntDistribution\", \"attributes\": {\"log\": false, \"step\": 1, \"low\": 2, \"high\": 5}}"}
{"op_code": 5, "worker_id": "2a3462ec-323f-4f20-b938-dc11cbb42aa8-137394193367040", "trial_id": 10, "param_name": "GRU_dropout", "param_value_internal": 0.4, "distribution": "{\"name\": \"FloatDistribution\", \"attributes\": {\"step\": null, \"low\": 0.0, \"high\": 0.6, \"log\": false}}"}
{"op_code": 5, "worker_id": "2a3462ec-323f-4f20-b938-dc11cbb42aa8-137394193367040", "trial_id": 10, "param_name": "learning_rate", "param_value_internal": 0.0006276801945904098, "distribution": "{\"name\": \"FloatDistribution\", \"attributes\": {\"step\": null, \"low\": 1e-05, \"high\": 0.001, \"log\": true}}"}
{"op_code": 5, "worker_id": "2a3462ec-323f-4f20-b938-dc11cbb42aa8-137394193367040", "trial_id": 10, "param_name": "batch_size", "param_value_internal": 0, "distribution": "{\"name\": \"CategoricalDistribution\", \"attributes\": {\"choices\": [64, 80, 96, 112, 128]}}"}
{"op_code": 6, "worker_id": "2a3462ec-323f-4f20-b938-dc11cbb42aa8-137394193367040", "trial_id": 10, "state": 1, "values": [68.77729257641921], "datetime_complete": "2023-11-20T14:07:31.082461"}
{"op_code": 4, "worker_id": "2a3462ec-323f-4f20-b938-dc11cbb42aa8-137394193367040", "study_id": 0, "datetime_start": "2023-11-20T14:07:31.313325"}
{"op_code": 5, "worker_id": "2a3462ec-323f-4f20-b938-dc11cbb42aa8-137394193367040", "trial_id": 11, "param_name": "embedding_dim", "param_value_internal": 699.0, "distribution": "{\"name\": \"IntDistribution\", \"attributes\": {\"log\": false, \"step\": 1, \"low\": 200, \"high\": 700}}"}
{"op_code": 5, "worker_id": "2a3462ec-323f-4f20-b938-dc11cbb42aa8-137394193367040", "trial_id": 11, "param_name": "GRU_dim", "param_value_internal": 504.0, "distribution": "{\"name\": \"IntDistribution\", \"attributes\": {\"log\": false, \"step\": 1, \"low\": 300, \"high\": 800}}"}
{"op_code": 5, "worker_id": "2a3462ec-323f-4f20-b938-dc11cbb42aa8-137394193367040", "trial_id": 11, "param_name": "GRU_layers", "param_value_internal": 4.0, "distribution": "{\"name\": \"IntDistribution\", \"attributes\": {\"log\": false, \"step\": 1, \"low\": 2, \"high\": 5}}"}
{"op_code": 5, "worker_id": "2a3462ec-323f-4f20-b938-dc11cbb42aa8-137394193367040", "trial_id": 11, "param_name": "GRU_dropout", "param_value_internal": 0.09756992529138223, "distribution": "{\"name\": \"FloatDistribution\", \"attributes\": {\"step\": null, \"low\": 0.0, \"high\": 0.6, \"log\": false}}"}
{"op_code": 5, "worker_id": "2a3462ec-323f-4f20-b938-dc11cbb42aa8-137394193367040", "trial_id": 11, "param_name": "learning_rate", "param_value_internal": 0.0009125802846810648, "distribution": "{\"name\": \"FloatDistribution\", \"attributes\": {\"step\": null, \"low\": 1e-05, \"high\": 0.001, \"log\": true}}"}
{"op_code": 5, "worker_id": "2a3462ec-323f-4f20-b938-dc11cbb42aa8-137394193367040", "trial_id": 11, "param_name": "batch_size", "param_value_internal": 0, "distribution": "{\"name\": \"CategoricalDistribution\", \"attributes\": {\"choices\": [64, 80, 96, 112, 128]}}"}
{"op_code": 6, "worker_id": "2a3462ec-323f-4f20-b938-dc11cbb42aa8-137394193367040", "trial_id": 11, "state": 1, "values": [69.39592430858806], "datetime_complete": "2023-11-20T14:10:25.820636"}
{"op_code": 4, "worker_id": "2a3462ec-323f-4f20-b938-dc11cbb42aa8-137394193367040", "study_id": 0, "datetime_start": "2023-11-20T14:10:26.045572"}
{"op_code": 5, "worker_id": "2a3462ec-323f-4f20-b938-dc11cbb42aa8-137394193367040", "trial_id": 12, "param_name": "embedding_dim", "param_value_internal": 696.0, "distribution": "{\"name\": \"IntDistribution\", \"attributes\": {\"log\": false, \"step\": 1, \"low\": 200, \"high\": 700}}"}
{"op_code": 5, "worker_id": "2a3462ec-323f-4f20-b938-dc11cbb42aa8-137394193367040", "trial_id": 12, "param_name": "GRU_dim", "param_value_internal": 500.0, "distribution": "{\"name\": \"IntDistribution\", \"attributes\": {\"log\": false, \"step\": 1, \"low\": 300, \"high\": 800}}"}
{"op_code": 5, "worker_id": "2a3462ec-323f-4f20-b938-dc11cbb42aa8-137394193367040", "trial_id": 12, "param_name": "GRU_layers", "param_value_internal": 4.0, "distribution": "{\"name\": \"IntDistribution\", \"attributes\": {\"log\": false, \"step\": 1, \"low\": 2, \"high\": 5}}"}
{"op_code": 5, "worker_id": "2a3462ec-323f-4f20-b938-dc11cbb42aa8-137394193367040", "trial_id": 12, "param_name": "GRU_dropout", "param_value_internal": 0.04649842811543967, "distribution": "{\"name\": \"FloatDistribution\", \"attributes\": {\"step\": null, \"low\": 0.0, \"high\": 0.6, \"log\": false}}"}
{"op_code": 5, "worker_id": "2a3462ec-323f-4f20-b938-dc11cbb42aa8-137394193367040", "trial_id": 12, "param_name": "learning_rate", "param_value_internal": 0.0009194850389566685, "distribution": "{\"name\": \"FloatDistribution\", \"attributes\": {\"step\": null, \"low\": 1e-05, \"high\": 0.001, \"log\": true}}"}
{"op_code": 5, "worker_id": "2a3462ec-323f-4f20-b938-dc11cbb42aa8-137394193367040", "trial_id": 12, "param_name": "batch_size", "param_value_internal": 0, "distribution": "{\"name\": \"CategoricalDistribution\", \"attributes\": {\"choices\": [64, 80, 96, 112, 128]}}"}
{"op_code": 6, "worker_id": "2a3462ec-323f-4f20-b938-dc11cbb42aa8-137394193367040", "trial_id": 12, "state": 1, "values": [69.86899563318778], "datetime_complete": "2023-11-20T14:13:22.592273"}
{"op_code": 4, "worker_id": "2a3462ec-323f-4f20-b938-dc11cbb42aa8-137394193367040", "study_id": 0, "datetime_start": "2023-11-20T14:13:22.861858"}
{"op_code": 5, "worker_id": "2a3462ec-323f-4f20-b938-dc11cbb42aa8-137394193367040", "trial_id": 13, "param_name": "embedding_dim", "param_value_internal": 491.0, "distribution": "{\"name\": \"IntDistribution\", \"attributes\": {\"log\": false, \"step\": 1, \"low\": 200, \"high\": 700}}"}
{"op_code": 5, "worker_id": "2a3462ec-323f-4f20-b938-dc11cbb42aa8-137394193367040", "trial_id": 13, "param_name": "GRU_dim", "param_value_internal": 467.0, "distribution": "{\"name\": \"IntDistribution\", \"attributes\": {\"log\": false, \"step\": 1, \"low\": 300, \"high\": 800}}"}
{"op_code": 5, "worker_id": "2a3462ec-323f-4f20-b938-dc11cbb42aa8-137394193367040", "trial_id": 13, "param_name": "GRU_layers", "param_value_internal": 4.0, "distribution": "{\"name\": \"IntDistribution\", \"attributes\": {\"log\": false, \"step\": 1, \"low\": 2, \"high\": 5}}"}
{"op_code": 5, "worker_id": "2a3462ec-323f-4f20-b938-dc11cbb42aa8-137394193367040", "trial_id": 13, "param_name": "GRU_dropout", "param_value_internal": 0.02529140839800051, "distribution": "{\"name\": \"FloatDistribution\", \"attributes\": {\"step\": null, \"low\": 0.0, \"high\": 0.6, \"log\": false}}"}
{"op_code": 5, "worker_id": "2a3462ec-323f-4f20-b938-dc11cbb42aa8-137394193367040", "trial_id": 13, "param_name": "learning_rate", "param_value_internal": 0.0008577930836073181, "distribution": "{\"name\": \"FloatDistribution\", \"attributes\": {\"step\": null, \"low\": 1e-05, \"high\": 0.001, \"log\": true}}"}
{"op_code": 5, "worker_id": "2a3462ec-323f-4f20-b938-dc11cbb42aa8-137394193367040", "trial_id": 13, "param_name": "batch_size", "param_value_internal": 0, "distribution": "{\"name\": \"CategoricalDistribution\", \"attributes\": {\"choices\": [64, 80, 96, 112, 128]}}"}
{"op_code": 6, "worker_id": "2a3462ec-323f-4f20-b938-dc11cbb42aa8-137394193367040", "trial_id": 13, "state": 1, "values": [68.01310043668123], "datetime_complete": "2023-11-20T14:16:14.861461"}
{"op_code": 4, "worker_id": "2a3462ec-323f-4f20-b938-dc11cbb42aa8-137394193367040", "study_id": 0, "datetime_start": "2023-11-20T14:16:15.087766"}
{"op_code": 5, "worker_id": "2a3462ec-323f-4f20-b938-dc11cbb42aa8-137394193367040", "trial_id": 14, "param_name": "embedding_dim", "param_value_internal": 689.0, "distribution": "{\"name\": \"IntDistribution\", \"attributes\": {\"log\": false, \"step\": 1, \"low\": 200, \"high\": 700}}"}
{"op_code": 5, "worker_id": "2a3462ec-323f-4f20-b938-dc11cbb42aa8-137394193367040", "trial_id": 14, "param_name": "GRU_dim", "param_value_internal": 591.0, "distribution": "{\"name\": \"IntDistribution\", \"attributes\": {\"log\": false, \"step\": 1, \"low\": 300, \"high\": 800}}"}
{"op_code": 5, "worker_id": "2a3462ec-323f-4f20-b938-dc11cbb42aa8-137394193367040", "trial_id": 14, "param_name": "GRU_layers", "param_value_internal": 4.0, "distribution": "{\"name\": \"IntDistribution\", \"attributes\": {\"log\": false, \"step\": 1, \"low\": 2, \"high\": 5}}"}
{"op_code": 5, "worker_id": "2a3462ec-323f-4f20-b938-dc11cbb42aa8-137394193367040", "trial_id": 14, "param_name": "GRU_dropout", "param_value_internal": 0.10656991887942788, "distribution": "{\"name\": \"FloatDistribution\", \"attributes\": {\"step\": null, \"low\": 0.0, \"high\": 0.6, \"log\": false}}"}
{"op_code": 5, "worker_id": "2a3462ec-323f-4f20-b938-dc11cbb42aa8-137394193367040", "trial_id": 14, "param_name": "learning_rate", "param_value_internal": 0.000791759485089627, "distribution": "{\"name\": \"FloatDistribution\", \"attributes\": {\"step\": null, \"low\": 1e-05, \"high\": 0.001, \"log\": true}}"}
{"op_code": 5, "worker_id": "2a3462ec-323f-4f20-b938-dc11cbb42aa8-137394193367040", "trial_id": 14, "param_name": "batch_size", "param_value_internal": 2, "distribution": "{\"name\": \"CategoricalDistribution\", \"attributes\": {\"choices\": [64, 80, 96, 112, 128]}}"}
{"op_code": 6, "worker_id": "2a3462ec-323f-4f20-b938-dc11cbb42aa8-137394193367040", "trial_id": 14, "state": 1, "values": [69.35953420669578], "datetime_complete": "2023-11-20T14:19:56.480294"}
